ASSERTION	AAECAAMFAAAAAAAAAFlA
RUN	test.scala.simulation.HotelSimulation	hotelsimulation	1580273055610	 	3.1.1
USER	SCN_HOTEL_LIST	1	START	1580273057572	1580273057572
USER	SCN_HOTEL_LIST	2	START	1580273057791	1580273057791
USER	SCN_HOTEL_LIST	3	START	1580273057991	1580273057991
USER	SCN_HOTEL_LIST	4	START	1580273058191	1580273058191
USER	SCN_HOTEL_LIST	5	START	1580273058391	1580273058391
REQUEST	3		getHotelList	1580273057993	1580273058650	OK	 
REQUEST	4		getHotelList	1580273058194	1580273058796	KO	jsonPath($.data..hotel_geo_node._id).findAll.exists, found nothing
REQUEST	2		getHotelList	1580273057792	1580273058635	OK	 
REQUEST	1		getHotelList	1580273057619	1580273058993	OK	 
REQUEST	5		getHotelList	1580273058393	1580273059404	OK	 
USER	SCN_HOTEL_LIST	6	START	1580273067584	1580273067584
USER	SCN_HOTEL_LIST	7	START	1580273068582	1580273068582
REQUEST	6		getHotelList	1580273067586	1580273068922	OK	 
REQUEST	7		getHotelList	1580273068584	1580273069151	KO	jsonPath($.data..hotel_geo_node._id).findAll.exists, found nothing
USER	SCN_HOTEL_LIST	8	START	1580273069582	1580273069582
REQUEST	8		getHotelList	1580273069585	1580273070140	KO	jsonPath($.data..hotel_geo_node._id).findAll.exists, found nothing
USER	SCN_HOTEL_LIST	9	START	1580273070581	1580273070581
REQUEST	9		getHotelList	1580273070584	1580273071469	OK	 
USER	SCN_HOTEL_LIST	10	START	1580273071581	1580273071581
REQUEST	10		getHotelList	1580273071583	1580273072297	OK	 
USER	SCN_HOTEL_LIST	11	START	1580273072581	1580273072581
REQUEST	11		getHotelList	1580273072585	1580273073204	OK	 
USER	SCN_HOTEL_LIST	12	START	1580273073581	1580273073581
REQUEST	12		getHotelList	1580273073582	1580273074314	OK	 
USER	SCN_HOTEL_LIST	13	START	1580273074581	1580273074581
REQUEST	13		getHotelList	1580273074583	1580273075305	OK	 
USER	SCN_HOTEL_LIST	14	START	1580273075572	1580273075572
REQUEST	14		getHotelList	1580273075573	1580273076132	KO	jsonPath($.data..hotel_geo_node._id).findAll.exists, found nothing
USER	SCN_HOTEL_LIST	15	START	1580273076581	1580273076581
REQUEST	15		getHotelList	1580273076583	1580273078025	OK	 
