ASSERTION	AAECAAMFAAAAAAAAAFlA
RUN	test.scala.simulation.HotelSimulation	hotelsimulation	1580273965633	 	3.1.1
USER	SCN_HOTEL_LIST	1	START	1580273967426	1580273967426
USER	SCN_HOTEL_LIST	2	START	1580273967644	1580273967644
USER	SCN_HOTEL_LIST	3	START	1580273967845	1580273967845
USER	SCN_HOTEL_LIST	4	START	1580273968044	1580273968044
USER	SCN_HOTEL_LIST	5	START	1580273968245	1580273968245
REQUEST	4		getHotelList	1580273968046	1580273968612	KO	jsonPath($.data..hotel_geo_node._id).findAll.exists, found nothing
REQUEST	3		getHotelList	1580273967847	1580273968537	OK	 
REQUEST	2		getHotelList	1580273967646	1580273968497	OK	 
REQUEST	1		getHotelList	1580273967473	1580273969503	OK	 
REQUEST	5		getHotelList	1580273968247	1580273970623	OK	 
USER	SCN_HOTEL_LIST	6	START	1580273977436	1580273977436
USER	SCN_HOTEL_LIST	7	START	1580273978436	1580273978436
REQUEST	6		getHotelList	1580273977439	1580273978690	OK	 
REQUEST	7		getHotelList	1580273978439	1580273978972	KO	jsonPath($.data..hotel_geo_node._id).findAll.exists, found nothing
USER	SCN_HOTEL_LIST	8	START	1580273979436	1580273979436
REQUEST	8		getHotelList	1580273979439	1580273980003	KO	jsonPath($.data..hotel_geo_node._id).findAll.exists, found nothing
USER	SCN_HOTEL_LIST	9	START	1580273980435	1580273980435
USER	SCN_HOTEL_LIST	10	START	1580273981435	1580273981435
USER	SCN_HOTEL_LIST	11	START	1580273982436	1580273982436
REQUEST	11		getHotelList	1580273982439	1580273983054	OK	 
REQUEST	10		getHotelList	1580273981438	1580273983352	OK	 
USER	SCN_HOTEL_LIST	12	START	1580273983435	1580273983435
USER	SCN_HOTEL_LIST	13	START	1580273984434	1580273984434
REQUEST	9		getHotelList	1580273980437	1580273984553	OK	 
REQUEST	12		getHotelList	1580273983437	1580273985021	OK	 
REQUEST	13		getHotelList	1580273984436	1580273985162	OK	 
USER	SCN_HOTEL_LIST	14	START	1580273985436	1580273985436
REQUEST	14		getHotelList	1580273985438	1580273985946	KO	jsonPath($.data..hotel_geo_node._id).findAll.exists, found nothing
USER	SCN_HOTEL_LIST	15	START	1580273986435	1580273986435
REQUEST	15		getHotelList	1580273986438	1580273987640	OK	 
