ASSERTION	AAECAAMFAAAAAAAAAFlA
RUN	test.scala.simulation.HotelSimulation	hotelsimulation	1580217130014	 	3.1.1
USER	SCN_HOTEL_DETAILS	1	START	1580217131932	1580217131932
ERROR	getHotelList: Failed to build request: url "http://developer.goibibo.com"/api/voyager/get_hotels_by_cityid/?app_id=3dd76d27&app_key=caf798c62e91dd6d1062b4e833b995ea&city_id=4761547441228189942 can't be parsed into an Uri: j.l.IllegalArgumentException: "http://developer.goibibo.com"/api/voyager/get_hotels_by_cityid/?app_id=3dd76d27&app_key=caf798c62e91dd6d1062b4e833b995ea&city_id=4761547441228189942 could not be parsed into a proper Uri, missing scheme 	1580217131962
USER	SCN_HOTEL_DETAILS	2	START	1580217132152	1580217132152
ERROR	getHotelList: Failed to build request: url "http://developer.goibibo.com"/api/voyager/get_hotels_by_cityid/?app_id=3dd76d27&app_key=caf798c62e91dd6d1062b4e833b995ea&city_id=6123261334828772222 can't be parsed into an Uri: j.l.IllegalArgumentException: "http://developer.goibibo.com"/api/voyager/get_hotels_by_cityid/?app_id=3dd76d27&app_key=caf798c62e91dd6d1062b4e833b995ea&city_id=6123261334828772222 could not be parsed into a proper Uri, missing scheme 	1580217132153
USER	SCN_HOTEL_DETAILS	3	START	1580217132351	1580217132351
ERROR	getHotelList: Failed to build request: url "http://developer.goibibo.com"/api/voyager/get_hotels_by_cityid/?app_id=3dd76d27&app_key=caf798c62e91dd6d1062b4e833b995ea&city_id=3680307921805384444 can't be parsed into an Uri: j.l.IllegalArgumentException: "http://developer.goibibo.com"/api/voyager/get_hotels_by_cityid/?app_id=3dd76d27&app_key=caf798c62e91dd6d1062b4e833b995ea&city_id=3680307921805384444 could not be parsed into a proper Uri, missing scheme 	1580217132353
USER	SCN_HOTEL_DETAILS	4	START	1580217132551	1580217132551
ERROR	getHotelList: Failed to build request: url "http://developer.goibibo.com"/api/voyager/get_hotels_by_cityid/?app_id=3dd76d27&app_key=caf798c62e91dd6d1062b4e833b995ea&city_id=3931060669256666666 can't be parsed into an Uri: j.l.IllegalArgumentException: "http://developer.goibibo.com"/api/voyager/get_hotels_by_cityid/?app_id=3dd76d27&app_key=caf798c62e91dd6d1062b4e833b995ea&city_id=3931060669256666666 could not be parsed into a proper Uri, missing scheme 	1580217132554
USER	SCN_HOTEL_DETAILS	5	START	1580217132752	1580217132752
ERROR	getHotelList: Failed to build request: url "http://developer.goibibo.com"/api/voyager/get_hotels_by_cityid/?app_id=3dd76d27&app_key=caf798c62e91dd6d1062b4e833b995ea&city_id=7946955059812888888 can't be parsed into an Uri: j.l.IllegalArgumentException: "http://developer.goibibo.com"/api/voyager/get_hotels_by_cityid/?app_id=3dd76d27&app_key=caf798c62e91dd6d1062b4e833b995ea&city_id=7946955059812888888 could not be parsed into a proper Uri, missing scheme 	1580217132754
USER	SCN_HOTEL_DETAILS	6	START	1580217141944	1580217141944
ERROR	getHotelList: Failed to build request: url "http://developer.goibibo.com"/api/voyager/get_hotels_by_cityid/?app_id=3dd76d27&app_key=caf798c62e91dd6d1062b4e833b995ea&city_id=3048526927545682854 can't be parsed into an Uri: j.l.IllegalArgumentException: "http://developer.goibibo.com"/api/voyager/get_hotels_by_cityid/?app_id=3dd76d27&app_key=caf798c62e91dd6d1062b4e833b995ea&city_id=3048526927545682854 could not be parsed into a proper Uri, missing scheme 	1580217141946
USER	SCN_HOTEL_DETAILS	7	START	1580217142943	1580217142943
ERROR	getHotelList: Failed to build request: url "http://developer.goibibo.com"/api/voyager/get_hotels_by_cityid/?app_id=3dd76d27&app_key=caf798c62e91dd6d1062b4e833b995ea&city_id=1680679585600597275 can't be parsed into an Uri: j.l.IllegalArgumentException: "http://developer.goibibo.com"/api/voyager/get_hotels_by_cityid/?app_id=3dd76d27&app_key=caf798c62e91dd6d1062b4e833b995ea&city_id=1680679585600597275 could not be parsed into a proper Uri, missing scheme 	1580217142945
USER	SCN_HOTEL_DETAILS	8	START	1580217143942	1580217143942
ERROR	getHotelList: Failed to build request: url "http://developer.goibibo.com"/api/voyager/get_hotels_by_cityid/?app_id=3dd76d27&app_key=caf798c62e91dd6d1062b4e833b995ea&city_id=6177864381790426842 can't be parsed into an Uri: j.l.IllegalArgumentException: "http://developer.goibibo.com"/api/voyager/get_hotels_by_cityid/?app_id=3dd76d27&app_key=caf798c62e91dd6d1062b4e833b995ea&city_id=6177864381790426842 could not be parsed into a proper Uri, missing scheme 	1580217143945
USER	SCN_HOTEL_DETAILS	9	START	1580217144942	1580217144942
ERROR	getHotelList: Failed to build request: url "http://developer.goibibo.com"/api/voyager/get_hotels_by_cityid/?app_id=3dd76d27&app_key=caf798c62e91dd6d1062b4e833b995ea&city_id=5542574512537225631 can't be parsed into an Uri: j.l.IllegalArgumentException: "http://developer.goibibo.com"/api/voyager/get_hotels_by_cityid/?app_id=3dd76d27&app_key=caf798c62e91dd6d1062b4e833b995ea&city_id=5542574512537225631 could not be parsed into a proper Uri, missing scheme 	1580217144960
USER	SCN_HOTEL_DETAILS	10	START	1580217145942	1580217145942
ERROR	getHotelList: Failed to build request: url "http://developer.goibibo.com"/api/voyager/get_hotels_by_cityid/?app_id=3dd76d27&app_key=caf798c62e91dd6d1062b4e833b995ea&city_id=4564607930496735949 can't be parsed into an Uri: j.l.IllegalArgumentException: "http://developer.goibibo.com"/api/voyager/get_hotels_by_cityid/?app_id=3dd76d27&app_key=caf798c62e91dd6d1062b4e833b995ea&city_id=4564607930496735949 could not be parsed into a proper Uri, missing scheme 	1580217145945
USER	SCN_HOTEL_DETAILS	11	START	1580217146942	1580217146942
ERROR	getHotelList: Failed to build request: url "http://developer.goibibo.com"/api/voyager/get_hotels_by_cityid/?app_id=3dd76d27&app_key=caf798c62e91dd6d1062b4e833b995ea&city_id=3738480529692135229 can't be parsed into an Uri: j.l.IllegalArgumentException: "http://developer.goibibo.com"/api/voyager/get_hotels_by_cityid/?app_id=3dd76d27&app_key=caf798c62e91dd6d1062b4e833b995ea&city_id=3738480529692135229 could not be parsed into a proper Uri, missing scheme 	1580217146945
USER	SCN_HOTEL_DETAILS	12	START	1580217147943	1580217147943
ERROR	getHotelList: Failed to build request: url "http://developer.goibibo.com"/api/voyager/get_hotels_by_cityid/?app_id=3dd76d27&app_key=caf798c62e91dd6d1062b4e833b995ea&city_id=7325167872643381125 can't be parsed into an Uri: j.l.IllegalArgumentException: "http://developer.goibibo.com"/api/voyager/get_hotels_by_cityid/?app_id=3dd76d27&app_key=caf798c62e91dd6d1062b4e833b995ea&city_id=7325167872643381125 could not be parsed into a proper Uri, missing scheme 	1580217147945
USER	SCN_HOTEL_DETAILS	13	START	1580217148933	1580217148933
ERROR	